<?xml version="1.0" encoding="UTF-8"?>
<testsuite name="cn.school.thoughtworks.section3.PracticeCTest" tests="1" skipped="0" failures="0" errors="0" timestamp="2019-03-20T12:18:53" hostname="CNchenmeng" time="0.003">
  <properties/>
  <testcase name="create_update_collection_should_return_a_new_map_with_element_as_key_and_count_as_value" classname="cn.school.thoughtworks.section3.PracticeCTest" time="0.003"/>
  <system-out><![CDATA[]]></system-out>
  <system-err><![CDATA[]]></system-err>
</testsuite>
